   0  $accept : Start $end

   1  Start : Phrase
   2        |

   3  Phrase :

   4  $$1 :

   5  Phrase : tADD tNB tNB tNB $$1 Phrase

   6  $$2 :

   7  Phrase : tMUL tNB tNB tNB $$2 Phrase

   8  $$3 :

   9  Phrase : tSOU tNB tNB tNB $$3 Phrase

  10  $$4 :

  11  Phrase : tDIV tNB tNB tNB $$4 Phrase

  12  $$5 :

  13  Phrase : tCOP tNB tNB $$5 Phrase

  14  $$6 :

  15  Phrase : tAFC tNB tNB $$6 Phrase

  16  $$7 :

  17  Phrase : tJMP tNB $$7 Phrase

  18  $$8 :

  19  Phrase : tJMF tNB $$8 Phrase

  20  $$9 :

  21  Phrase : tINF tNB tNB tNB $$9 Phrase

  22  $$10 :

  23  Phrase : tSUP tNB tNB tNB $$10 Phrase

  24  $$11 :

  25  Phrase : tEQU tNB tNB tNB $$11 Phrase

  26  $$12 :

  27  Phrase : tPRI tNB $$12 Phrase

0: reduce/reduce conflict (reduce 2, reduce 3) on $end
state 0
	$accept : . Start $end  (0)
	Start : .  (2)
	Phrase : .  (3)

	tADD  shift 1
	tMUL  shift 2
	tSOU  shift 3
	tDIV  shift 4
	tEQU  shift 5
	tCOP  shift 6
	tAFC  shift 7
	tJMP  shift 8
	tJMF  shift 9
	tINF  shift 10
	tSUP  shift 11
	tPRI  shift 12
	$end  reduce 2

	Start  goto 13
	Phrase  goto 14


state 1
	Phrase : tADD . tNB tNB tNB $$1 Phrase  (5)

	tNB  shift 15
	.  error


state 2
	Phrase : tMUL . tNB tNB tNB $$2 Phrase  (7)

	tNB  shift 16
	.  error


state 3
	Phrase : tSOU . tNB tNB tNB $$3 Phrase  (9)

	tNB  shift 17
	.  error


state 4
	Phrase : tDIV . tNB tNB tNB $$4 Phrase  (11)

	tNB  shift 18
	.  error


state 5
	Phrase : tEQU . tNB tNB tNB $$11 Phrase  (25)

	tNB  shift 19
	.  error


state 6
	Phrase : tCOP . tNB tNB $$5 Phrase  (13)

	tNB  shift 20
	.  error


state 7
	Phrase : tAFC . tNB tNB $$6 Phrase  (15)

	tNB  shift 21
	.  error


state 8
	Phrase : tJMP . tNB $$7 Phrase  (17)

	tNB  shift 22
	.  error


state 9
	Phrase : tJMF . tNB $$8 Phrase  (19)

	tNB  shift 23
	.  error


state 10
	Phrase : tINF . tNB tNB tNB $$9 Phrase  (21)

	tNB  shift 24
	.  error


state 11
	Phrase : tSUP . tNB tNB tNB $$10 Phrase  (23)

	tNB  shift 25
	.  error


state 12
	Phrase : tPRI . tNB $$12 Phrase  (27)

	tNB  shift 26
	.  error


state 13
	$accept : Start . $end  (0)

	$end  accept


state 14
	Start : Phrase .  (1)

	.  reduce 1


state 15
	Phrase : tADD tNB . tNB tNB $$1 Phrase  (5)

	tNB  shift 27
	.  error


state 16
	Phrase : tMUL tNB . tNB tNB $$2 Phrase  (7)

	tNB  shift 28
	.  error


state 17
	Phrase : tSOU tNB . tNB tNB $$3 Phrase  (9)

	tNB  shift 29
	.  error


state 18
	Phrase : tDIV tNB . tNB tNB $$4 Phrase  (11)

	tNB  shift 30
	.  error


state 19
	Phrase : tEQU tNB . tNB tNB $$11 Phrase  (25)

	tNB  shift 31
	.  error


state 20
	Phrase : tCOP tNB . tNB $$5 Phrase  (13)

	tNB  shift 32
	.  error


state 21
	Phrase : tAFC tNB . tNB $$6 Phrase  (15)

	tNB  shift 33
	.  error


state 22
	Phrase : tJMP tNB . $$7 Phrase  (17)
	$$7 : .  (16)

	.  reduce 16

	$$7  goto 34


state 23
	Phrase : tJMF tNB . $$8 Phrase  (19)
	$$8 : .  (18)

	.  reduce 18

	$$8  goto 35


state 24
	Phrase : tINF tNB . tNB tNB $$9 Phrase  (21)

	tNB  shift 36
	.  error


state 25
	Phrase : tSUP tNB . tNB tNB $$10 Phrase  (23)

	tNB  shift 37
	.  error


state 26
	Phrase : tPRI tNB . $$12 Phrase  (27)
	$$12 : .  (26)

	.  reduce 26

	$$12  goto 38


state 27
	Phrase : tADD tNB tNB . tNB $$1 Phrase  (5)

	tNB  shift 39
	.  error


state 28
	Phrase : tMUL tNB tNB . tNB $$2 Phrase  (7)

	tNB  shift 40
	.  error


state 29
	Phrase : tSOU tNB tNB . tNB $$3 Phrase  (9)

	tNB  shift 41
	.  error


state 30
	Phrase : tDIV tNB tNB . tNB $$4 Phrase  (11)

	tNB  shift 42
	.  error


state 31
	Phrase : tEQU tNB tNB . tNB $$11 Phrase  (25)

	tNB  shift 43
	.  error


state 32
	Phrase : tCOP tNB tNB . $$5 Phrase  (13)
	$$5 : .  (12)

	.  reduce 12

	$$5  goto 44


state 33
	Phrase : tAFC tNB tNB . $$6 Phrase  (15)
	$$6 : .  (14)

	.  reduce 14

	$$6  goto 45


state 34
	Phrase : tJMP tNB $$7 . Phrase  (17)
	Phrase : .  (3)

	tADD  shift 1
	tMUL  shift 2
	tSOU  shift 3
	tDIV  shift 4
	tEQU  shift 5
	tCOP  shift 6
	tAFC  shift 7
	tJMP  shift 8
	tJMF  shift 9
	tINF  shift 10
	tSUP  shift 11
	tPRI  shift 12
	$end  reduce 3

	Phrase  goto 46


state 35
	Phrase : tJMF tNB $$8 . Phrase  (19)
	Phrase : .  (3)

	tADD  shift 1
	tMUL  shift 2
	tSOU  shift 3
	tDIV  shift 4
	tEQU  shift 5
	tCOP  shift 6
	tAFC  shift 7
	tJMP  shift 8
	tJMF  shift 9
	tINF  shift 10
	tSUP  shift 11
	tPRI  shift 12
	$end  reduce 3

	Phrase  goto 47


state 36
	Phrase : tINF tNB tNB . tNB $$9 Phrase  (21)

	tNB  shift 48
	.  error


state 37
	Phrase : tSUP tNB tNB . tNB $$10 Phrase  (23)

	tNB  shift 49
	.  error


state 38
	Phrase : tPRI tNB $$12 . Phrase  (27)
	Phrase : .  (3)

	tADD  shift 1
	tMUL  shift 2
	tSOU  shift 3
	tDIV  shift 4
	tEQU  shift 5
	tCOP  shift 6
	tAFC  shift 7
	tJMP  shift 8
	tJMF  shift 9
	tINF  shift 10
	tSUP  shift 11
	tPRI  shift 12
	$end  reduce 3

	Phrase  goto 50


state 39
	Phrase : tADD tNB tNB tNB . $$1 Phrase  (5)
	$$1 : .  (4)

	.  reduce 4

	$$1  goto 51


state 40
	Phrase : tMUL tNB tNB tNB . $$2 Phrase  (7)
	$$2 : .  (6)

	.  reduce 6

	$$2  goto 52


state 41
	Phrase : tSOU tNB tNB tNB . $$3 Phrase  (9)
	$$3 : .  (8)

	.  reduce 8

	$$3  goto 53


state 42
	Phrase : tDIV tNB tNB tNB . $$4 Phrase  (11)
	$$4 : .  (10)

	.  reduce 10

	$$4  goto 54


state 43
	Phrase : tEQU tNB tNB tNB . $$11 Phrase  (25)
	$$11 : .  (24)

	.  reduce 24

	$$11  goto 55


state 44
	Phrase : tCOP tNB tNB $$5 . Phrase  (13)
	Phrase : .  (3)

	tADD  shift 1
	tMUL  shift 2
	tSOU  shift 3
	tDIV  shift 4
	tEQU  shift 5
	tCOP  shift 6
	tAFC  shift 7
	tJMP  shift 8
	tJMF  shift 9
	tINF  shift 10
	tSUP  shift 11
	tPRI  shift 12
	$end  reduce 3

	Phrase  goto 56


state 45
	Phrase : tAFC tNB tNB $$6 . Phrase  (15)
	Phrase : .  (3)

	tADD  shift 1
	tMUL  shift 2
	tSOU  shift 3
	tDIV  shift 4
	tEQU  shift 5
	tCOP  shift 6
	tAFC  shift 7
	tJMP  shift 8
	tJMF  shift 9
	tINF  shift 10
	tSUP  shift 11
	tPRI  shift 12
	$end  reduce 3

	Phrase  goto 57


state 46
	Phrase : tJMP tNB $$7 Phrase .  (17)

	.  reduce 17


state 47
	Phrase : tJMF tNB $$8 Phrase .  (19)

	.  reduce 19


state 48
	Phrase : tINF tNB tNB tNB . $$9 Phrase  (21)
	$$9 : .  (20)

	.  reduce 20

	$$9  goto 58


state 49
	Phrase : tSUP tNB tNB tNB . $$10 Phrase  (23)
	$$10 : .  (22)

	.  reduce 22

	$$10  goto 59


state 50
	Phrase : tPRI tNB $$12 Phrase .  (27)

	.  reduce 27


state 51
	Phrase : tADD tNB tNB tNB $$1 . Phrase  (5)
	Phrase : .  (3)

	tADD  shift 1
	tMUL  shift 2
	tSOU  shift 3
	tDIV  shift 4
	tEQU  shift 5
	tCOP  shift 6
	tAFC  shift 7
	tJMP  shift 8
	tJMF  shift 9
	tINF  shift 10
	tSUP  shift 11
	tPRI  shift 12
	$end  reduce 3

	Phrase  goto 60


state 52
	Phrase : tMUL tNB tNB tNB $$2 . Phrase  (7)
	Phrase : .  (3)

	tADD  shift 1
	tMUL  shift 2
	tSOU  shift 3
	tDIV  shift 4
	tEQU  shift 5
	tCOP  shift 6
	tAFC  shift 7
	tJMP  shift 8
	tJMF  shift 9
	tINF  shift 10
	tSUP  shift 11
	tPRI  shift 12
	$end  reduce 3

	Phrase  goto 61


state 53
	Phrase : tSOU tNB tNB tNB $$3 . Phrase  (9)
	Phrase : .  (3)

	tADD  shift 1
	tMUL  shift 2
	tSOU  shift 3
	tDIV  shift 4
	tEQU  shift 5
	tCOP  shift 6
	tAFC  shift 7
	tJMP  shift 8
	tJMF  shift 9
	tINF  shift 10
	tSUP  shift 11
	tPRI  shift 12
	$end  reduce 3

	Phrase  goto 62


state 54
	Phrase : tDIV tNB tNB tNB $$4 . Phrase  (11)
	Phrase : .  (3)

	tADD  shift 1
	tMUL  shift 2
	tSOU  shift 3
	tDIV  shift 4
	tEQU  shift 5
	tCOP  shift 6
	tAFC  shift 7
	tJMP  shift 8
	tJMF  shift 9
	tINF  shift 10
	tSUP  shift 11
	tPRI  shift 12
	$end  reduce 3

	Phrase  goto 63


state 55
	Phrase : tEQU tNB tNB tNB $$11 . Phrase  (25)
	Phrase : .  (3)

	tADD  shift 1
	tMUL  shift 2
	tSOU  shift 3
	tDIV  shift 4
	tEQU  shift 5
	tCOP  shift 6
	tAFC  shift 7
	tJMP  shift 8
	tJMF  shift 9
	tINF  shift 10
	tSUP  shift 11
	tPRI  shift 12
	$end  reduce 3

	Phrase  goto 64


state 56
	Phrase : tCOP tNB tNB $$5 Phrase .  (13)

	.  reduce 13


state 57
	Phrase : tAFC tNB tNB $$6 Phrase .  (15)

	.  reduce 15


state 58
	Phrase : tINF tNB tNB tNB $$9 . Phrase  (21)
	Phrase : .  (3)

	tADD  shift 1
	tMUL  shift 2
	tSOU  shift 3
	tDIV  shift 4
	tEQU  shift 5
	tCOP  shift 6
	tAFC  shift 7
	tJMP  shift 8
	tJMF  shift 9
	tINF  shift 10
	tSUP  shift 11
	tPRI  shift 12
	$end  reduce 3

	Phrase  goto 65


state 59
	Phrase : tSUP tNB tNB tNB $$10 . Phrase  (23)
	Phrase : .  (3)

	tADD  shift 1
	tMUL  shift 2
	tSOU  shift 3
	tDIV  shift 4
	tEQU  shift 5
	tCOP  shift 6
	tAFC  shift 7
	tJMP  shift 8
	tJMF  shift 9
	tINF  shift 10
	tSUP  shift 11
	tPRI  shift 12
	$end  reduce 3

	Phrase  goto 66


state 60
	Phrase : tADD tNB tNB tNB $$1 Phrase .  (5)

	.  reduce 5


state 61
	Phrase : tMUL tNB tNB tNB $$2 Phrase .  (7)

	.  reduce 7


state 62
	Phrase : tSOU tNB tNB tNB $$3 Phrase .  (9)

	.  reduce 9


state 63
	Phrase : tDIV tNB tNB tNB $$4 Phrase .  (11)

	.  reduce 11


state 64
	Phrase : tEQU tNB tNB tNB $$11 Phrase .  (25)

	.  reduce 25


state 65
	Phrase : tINF tNB tNB tNB $$9 Phrase .  (21)

	.  reduce 21


state 66
	Phrase : tSUP tNB tNB tNB $$10 Phrase .  (23)

	.  reduce 23


State 0 contains 1 reduce/reduce conflict.


15 terminals, 15 nonterminals
28 grammar rules, 67 states
